<?xml version="1.0" encoding="UTF-8"?>
<!-- Generated by org.testng.reporters.JUnitReportReporter -->
<testsuite skipped="0" hostname="hp" name="test.ebay.Login" tests="3" failures="0" timestamp="04 Jun 2018 15:23:40 GMT" time="88.277" errors="0">
  <testcase name="Addtocart" time="24.497" classname="test.ebay.Login"/>
  <testcase name="Login" time="22.413" classname="test.ebay.Login"/>
  <testcase name="Search" time="41.367" classname="test.ebay.Login"/>
</testsuite> <!-- test.ebay.Login -->
